<?xml version="1.0" encoding="UTF-8"?>
<!-- Generated by org.testng.reporters.JUnitReportReporter -->
<testsuite hostname="CIGUSLP-0078" failures="0" tests="2" name="testnextgen.TestEmployeeDetails" time="0.027" errors="0" timestamp="05 Feb 2018 07:30:23 GMT" skipped="0">
  <testcase classname="testnextgen.TestEmployeeDetails" name="testCalculateAppriasal" time="0.027"/>
  <testcase classname="testnextgen.TestEmployeeDetails" name="testCalculateYearlySalary" time="0.000"/>
</testsuite> <!-- testnextgen.TestEmployeeDetails -->
