<?xml version="1.0" encoding="UTF-8"?>
<!-- Generated by org.testng.reporters.JUnitReportReporter -->
<testsuite hostname="CIGUSLP-0078" failures="0" tests="2" name="testnextgen.TestngAnnotation" time="0.016" errors="0" timestamp="05 Feb 2018 07:43:34 GMT" skipped="1">
  <testcase classname="testnextgen.TestngAnnotation" name="testCase1" time="0.016"/>
  <testcase classname="testnextgen.TestngAnnotation" name="testCase2">
    <skipped/>
  </testcase> <!-- testCase2 -->
</testsuite> <!-- testnextgen.TestngAnnotation -->
