<?xml version="1.0" encoding="UTF-8"?>
<!-- Generated by org.testng.reporters.JUnitReportReporter -->
<testsuite hostname="CIGUSLP-0078" failures="0" tests="2" name="sample.TestEmployeeDetails" time="0.030" errors="0" timestamp="05 Feb 2018 07:25:26 GMT" skipped="0">
  <testcase classname="sample.TestEmployeeDetails" name="testCalculateAppriasal" time="0.027"/>
  <testcase classname="sample.TestEmployeeDetails" name="testCalculateYearlySalary" time="0.003"/>
</testsuite> <!-- sample.TestEmployeeDetails -->
