<?xml version="1.0" encoding="UTF-8"?>
<!-- Generated by org.testng.reporters.JUnitReportReporter -->
<testsuite hostname="CIGUSLP-0078" failures="0" tests="2" name="sample.Testng" time="0.019" errors="0" timestamp="05 Feb 2018 07:08:06 GMT" skipped="0">
  <testcase classname="sample.Testng" name="testCase1" time="0.012"/>
  <testcase classname="sample.Testng" name="testCase10" time="0.007"/>
</testsuite> <!-- sample.Testng -->
